<?xml version="1.0" encoding="UTF-8"?>
<!-- Generated by org.testng.reporters.JUnitReportReporter -->
<testsuite hostname="DESKTOP-QA1AMVG" failures="0" tests="1" name="scripts.Tc1" time="0.018" errors="0" timestamp="2022-12-28T05:35:59 PST" skipped="0">
  <testcase classname="scripts.Tc1" name="demo" time="0.018"/>
  <system-out>
    <![CDATA[hello java]]>
  </system-out>
</testsuite> <!-- scripts.Tc1 -->
